[2019-11-18 20:13:17] local.ERROR: There are no commands defined in the "migration" namespace.

Did you mean one of these?
    ignition
    migrate {"exception":"[object] (Symfony\\Component\\Console\\Exception\\NamespaceNotFoundException(code: 0): There are no commands defined in the \"migration\" namespace.

Did you mean one of these?
    ignition
    migrate at /var/www/html/proyectosLaravel/Musick-PSA-/vendor/symfony/console/Application.php:592)
[stacktrace]
#0 /var/www/html/proyectosLaravel/Musick-PSA-/vendor/symfony/console/Application.php(641): Symfony\\Component\\Console\\Application->findNamespace('migration')
#1 /var/www/html/proyectosLaravel/Musick-PSA-/vendor/symfony/console/Application.php(237): Symfony\\Component\\Console\\Application->find('migration:reset')
#2 /var/www/html/proyectosLaravel/Musick-PSA-/vendor/symfony/console/Application.php(149): Symfony\\Component\\Console\\Application->doRun(Object(Symfony\\Component\\Console\\Input\\ArgvInput), Object(Symfony\\Component\\Console\\Output\\ConsoleOutput))
#3 /var/www/html/proyectosLaravel/Musick-PSA-/vendor/laravel/framework/src/Illuminate/Console/Application.php(90): Symfony\\Component\\Console\\Application->run(Object(Symfony\\Component\\Console\\Input\\ArgvInput), Object(Symfony\\Component\\Console\\Output\\ConsoleOutput))
#4 /var/www/html/proyectosLaravel/Musick-PSA-/vendor/laravel/framework/src/Illuminate/Foundation/Console/Kernel.php(131): Illuminate\\Console\\Application->run(Object(Symfony\\Component\\Console\\Input\\ArgvInput), Object(Symfony\\Component\\Console\\Output\\ConsoleOutput))
#5 /var/www/html/proyectosLaravel/Musick-PSA-/artisan(37): Illuminate\\Foundation\\Console\\Kernel->handle(Object(Symfony\\Component\\Console\\Input\\ArgvInput), Object(Symfony\\Component\\Console\\Output\\ConsoleOutput))
#6 {main}
"} 
[2019-11-18 20:13:41] local.ERROR: There are no commands defined in the "migration" namespace.

Did you mean one of these?
    ignition
    migrate {"exception":"[object] (Symfony\\Component\\Console\\Exception\\NamespaceNotFoundException(code: 0): There are no commands defined in the \"migration\" namespace.

Did you mean one of these?
    ignition
    migrate at /var/www/html/proyectosLaravel/Musick-PSA-/vendor/symfony/console/Application.php:592)
[stacktrace]
#0 /var/www/html/proyectosLaravel/Musick-PSA-/vendor/symfony/console/Application.php(641): Symfony\\Component\\Console\\Application->findNamespace('migration')
#1 /var/www/html/proyectosLaravel/Musick-PSA-/vendor/symfony/console/Application.php(237): Symfony\\Component\\Console\\Application->find('migration:reset')
#2 /var/www/html/proyectosLaravel/Musick-PSA-/vendor/symfony/console/Application.php(149): Symfony\\Component\\Console\\Application->doRun(Object(Symfony\\Component\\Console\\Input\\ArgvInput), Object(Symfony\\Component\\Console\\Output\\ConsoleOutput))
#3 /var/www/html/proyectosLaravel/Musick-PSA-/vendor/laravel/framework/src/Illuminate/Console/Application.php(90): Symfony\\Component\\Console\\Application->run(Object(Symfony\\Component\\Console\\Input\\ArgvInput), Object(Symfony\\Component\\Console\\Output\\ConsoleOutput))
#4 /var/www/html/proyectosLaravel/Musick-PSA-/vendor/laravel/framework/src/Illuminate/Foundation/Console/Kernel.php(131): Illuminate\\Console\\Application->run(Object(Symfony\\Component\\Console\\Input\\ArgvInput), Object(Symfony\\Component\\Console\\Output\\ConsoleOutput))
#5 /var/www/html/proyectosLaravel/Musick-PSA-/artisan(37): Illuminate\\Foundation\\Console\\Kernel->handle(Object(Symfony\\Component\\Console\\Input\\ArgvInput), Object(Symfony\\Component\\Console\\Output\\ConsoleOutput))
#6 {main}
"} 
